[2025-03-31 19:28:58,044] 17 root - INFO - Initate the data ingestion
[2025-03-31 19:29:00,100] 60 root - INFO - Train set ,test set created 
[2025-03-31 19:29:00,100] 61 root - INFO - Exited train test method of Data Ingestion_class 
[2025-03-31 19:29:00,100] 66 root - INFO - Exporting train and test file
[2025-03-31 19:29:00,132] 74 root - INFO - Exported train and test file path.
[2025-03-31 19:29:00,396] 21 root - INFO - Initate the data Validation
[2025-03-31 19:29:00,444] 31 root - INFO - Required number of columns :2
[2025-03-31 19:29:00,444] 32 root - INFO - DataFrame has columns :31
[2025-03-31 19:29:00,444] 31 root - INFO - Required number of columns :2
[2025-03-31 19:29:00,444] 32 root - INFO - DataFrame has columns :31
[2025-03-31 19:29:00,523] 23 root - INFO - data validation completed
[2025-03-31 19:29:00,523] 54 root - INFO - Enterd initiate_data_transformation method
[2025-03-31 19:29:00,523] 56 root - INFO - Starting data transformation
[2025-03-31 19:29:00,538] 36 root - INFO - Enter data tranformation object (KNN imputer)
[2025-03-31 19:29:00,538] 40 root - INFO - initalised KNN imputer with {'missing_values': nan, 'n_neighbors': 3, 'weights': 'uniform'}
[2025-03-31 19:29:00,564] 47 root - INFO - entered the save object function of utils class
[2025-03-31 19:29:00,564] 51 root - INFO - Exited the save object function in main utils class
[2025-03-31 19:29:00,564] 28 root - INFO - data transformation started
[2025-03-31 19:29:00,571] 30 root - INFO - data transformation completed
[2025-03-31 19:29:00,571] 31 root - INFO - Model training started
[2025-03-31 19:30:55,451] 88 root - INFO - Model selected is Random Forest
[2025-03-31 19:31:05,133] 47 root - INFO - entered the save object function of utils class
[2025-03-31 19:31:05,133] 51 root - INFO - Exited the save object function in main utils class
[2025-03-31 19:31:05,133] 47 root - INFO - entered the save object function of utils class
[2025-03-31 19:31:05,157] 51 root - INFO - Exited the save object function in main utils class
[2025-03-31 19:31:05,157] 119 root - INFO - Model trainer artifact: ModelTrainerArtifacts(trained_model_file_path='Artifacts\\03_31_2025_19_28_55\\model_trainer\\trained_model\\model.pkl', train_metric_artifact=ClassificationMetricArtifacts(f1_score=0.990894374747066, precision_score=0.9884941461445297, recall_score=0.9933062880324544), test_metric_artifact=ClassificationMetricArtifacts(f1_score=0.9740680713128039, precision_score=0.9685737308622079, recall_score=0.9796251018744906))
[2025-03-31 19:31:05,157] 35 root - INFO - Model training completed
