[2025-04-05 00:59:42,209] 1025 httpx - INFO - HTTP Request: GET https://dagshub.com/api/v1/user "HTTP/1.1 200 OK"
[2025-04-05 00:59:42,214] 107 dagshub - INFO - Accessing as AryanAjmera18
[2025-04-05 00:59:42,722] 1025 httpx - INFO - HTTP Request: GET https://dagshub.com/api/v1/repos/AryanAjmera18/NetworkSecurity_ML "HTTP/1.1 200 OK"
[2025-04-05 00:59:43,283] 1025 httpx - INFO - HTTP Request: GET https://dagshub.com/api/v1/user "HTTP/1.1 200 OK"
[2025-04-05 00:59:43,286] 107 dagshub - INFO - Initialized MLflow to track repo "AryanAjmera18/NetworkSecurity_ML"
[2025-04-05 00:59:43,286] 107 dagshub - INFO - Repository AryanAjmera18/NetworkSecurity_ML initialized!
[2025-04-05 00:59:46,994] 35 root - INFO - Start data Ingestion
[2025-04-05 00:59:55,275] 60 root - INFO - Train set ,test set created 
[2025-04-05 00:59:55,275] 61 root - INFO - Exited train test method of Data Ingestion_class 
[2025-04-05 00:59:55,276] 66 root - INFO - Exporting train and test file
[2025-04-05 00:59:55,328] 74 root - INFO - Exported train and test file path.
[2025-04-05 00:59:55,329] 38 root - INFO - Data Ingestion completed and artifact: DataIngestionArtifacts(trained_file_path='Artifacts\\04_05_2025_00_59_38\\data_ingestion\\ingested\\train.csv', test_file_path='Artifacts\\04_05_2025_00_59_38\\data_ingestion\\ingested\\test.csv')
[2025-04-05 00:59:55,334] 48 root - INFO - Initiate the data Validation
[2025-04-05 00:59:55,381] 31 root - INFO - Required number of columns :2
[2025-04-05 00:59:55,381] 32 root - INFO - DataFrame has columns :31
[2025-04-05 00:59:55,382] 31 root - INFO - Required number of columns :2
[2025-04-05 00:59:55,382] 32 root - INFO - DataFrame has columns :31
[2025-04-05 00:59:55,517] 54 root - INFO - Enterd initiate_data_transformation method
[2025-04-05 00:59:55,517] 56 root - INFO - Starting data transformation
[2025-04-05 00:59:55,532] 36 root - INFO - Enter data tranformation object (KNN imputer)
[2025-04-05 00:59:55,532] 40 root - INFO - initalised KNN imputer with {'missing_values': nan, 'n_neighbors': 3, 'weights': 'uniform'}
[2025-04-05 00:59:55,570] 47 root - INFO - entered the save object function of utils class
[2025-04-05 00:59:55,572] 51 root - INFO - Exited the save object function in main utils class
[2025-04-05 00:59:55,572] 47 root - INFO - entered the save object function of utils class
[2025-04-05 00:59:55,574] 51 root - INFO - Exited the save object function in main utils class
