[2025-04-05 01:00:39,517] 1025 httpx - INFO - HTTP Request: GET https://dagshub.com/api/v1/user "HTTP/1.1 200 OK"
[2025-04-05 01:00:39,522] 107 dagshub - INFO - Accessing as AryanAjmera18
[2025-04-05 01:00:43,427] 1025 httpx - INFO - HTTP Request: GET https://dagshub.com/api/v1/repos/AryanAjmera18/NetworkSecurity_ML "HTTP/1.1 200 OK"
[2025-04-05 01:00:43,931] 1025 httpx - INFO - HTTP Request: GET https://dagshub.com/api/v1/user "HTTP/1.1 200 OK"
[2025-04-05 01:00:43,933] 107 dagshub - INFO - Initialized MLflow to track repo "AryanAjmera18/NetworkSecurity_ML"
[2025-04-05 01:00:43,934] 107 dagshub - INFO - Repository AryanAjmera18/NetworkSecurity_ML initialized!
[2025-04-05 01:00:57,554] 35 root - INFO - Start data Ingestion
[2025-04-05 01:01:08,280] 60 root - INFO - Train set ,test set created 
[2025-04-05 01:01:08,280] 61 root - INFO - Exited train test method of Data Ingestion_class 
[2025-04-05 01:01:08,281] 66 root - INFO - Exporting train and test file
[2025-04-05 01:01:08,320] 74 root - INFO - Exported train and test file path.
[2025-04-05 01:01:08,321] 38 root - INFO - Data Ingestion completed and artifact: DataIngestionArtifacts(trained_file_path='Artifacts\\04_05_2025_01_00_34\\data_ingestion\\ingested\\train.csv', test_file_path='Artifacts\\04_05_2025_01_00_34\\data_ingestion\\ingested\\test.csv')
[2025-04-05 01:01:08,327] 48 root - INFO - Initiate the data Validation
[2025-04-05 01:01:08,373] 31 root - INFO - Required number of columns :2
[2025-04-05 01:01:08,373] 32 root - INFO - DataFrame has columns :31
[2025-04-05 01:01:08,373] 31 root - INFO - Required number of columns :2
[2025-04-05 01:01:08,373] 32 root - INFO - DataFrame has columns :31
[2025-04-05 01:01:08,496] 54 root - INFO - Enterd initiate_data_transformation method
[2025-04-05 01:01:08,497] 56 root - INFO - Starting data transformation
[2025-04-05 01:01:08,512] 36 root - INFO - Enter data tranformation object (KNN imputer)
[2025-04-05 01:01:08,512] 40 root - INFO - initalised KNN imputer with {'missing_values': nan, 'n_neighbors': 3, 'weights': 'uniform'}
[2025-04-05 01:01:08,520] 47 root - INFO - entered the save object function of utils class
[2025-04-05 01:01:08,521] 51 root - INFO - Exited the save object function in main utils class
[2025-04-05 01:01:08,522] 47 root - INFO - entered the save object function of utils class
[2025-04-05 01:01:08,523] 51 root - INFO - Exited the save object function in main utils class
