[2025-04-06 01:15:40,128] 1025 httpx - INFO - HTTP Request: GET https://dagshub.com/api/v1/user "HTTP/1.1 200 OK"
[2025-04-06 01:15:40,133] 107 dagshub - INFO - Accessing as AryanAjmera18
[2025-04-06 01:15:40,349] 1025 httpx - INFO - HTTP Request: GET https://dagshub.com/api/v1/repos/AryanAjmera18/NetworkSecurity_ML "HTTP/1.1 200 OK"
[2025-04-06 01:15:40,455] 1025 httpx - INFO - HTTP Request: GET https://dagshub.com/api/v1/user "HTTP/1.1 200 OK"
[2025-04-06 01:15:40,457] 107 dagshub - INFO - Initialized MLflow to track repo "AryanAjmera18/NetworkSecurity_ML"
[2025-04-06 01:15:40,458] 107 dagshub - INFO - Repository AryanAjmera18/NetworkSecurity_ML initialized!
[2025-04-06 01:15:49,294] 39 root - INFO - Start data Ingestion
[2025-04-06 01:15:50,492] 60 root - INFO - Train set ,test set created 
[2025-04-06 01:15:50,492] 61 root - INFO - Exited train test method of Data Ingestion_class 
[2025-04-06 01:15:50,492] 66 root - INFO - Exporting train and test file
[2025-04-06 01:15:50,521] 74 root - INFO - Exported train and test file path.
[2025-04-06 01:15:50,521] 42 root - INFO - Data Ingestion completed and artifact: DataIngestionArtifacts(trained_file_path='Artifacts\\04_06_2025_01_15_37\\data_ingestion\\ingested\\train.csv', test_file_path='Artifacts\\04_06_2025_01_15_37\\data_ingestion\\ingested\\test.csv')
[2025-04-06 01:15:50,525] 52 root - INFO - Initiate the data Validation
[2025-04-06 01:15:50,558] 31 root - INFO - Required number of columns :2
[2025-04-06 01:15:50,559] 32 root - INFO - DataFrame has columns :31
[2025-04-06 01:15:50,559] 31 root - INFO - Required number of columns :2
[2025-04-06 01:15:50,559] 32 root - INFO - DataFrame has columns :31
[2025-04-06 01:15:50,643] 54 root - INFO - Enterd initiate_data_transformation method
[2025-04-06 01:15:50,643] 56 root - INFO - Starting data transformation
[2025-04-06 01:15:50,656] 36 root - INFO - Enter data tranformation object (KNN imputer)
[2025-04-06 01:15:50,656] 40 root - INFO - initalised KNN imputer with {'missing_values': nan, 'n_neighbors': 3, 'weights': 'uniform'}
[2025-04-06 01:15:50,663] 47 root - INFO - entered the save object function of utils class
[2025-04-06 01:15:50,664] 51 root - INFO - Exited the save object function in main utils class
[2025-04-06 01:15:50,664] 47 root - INFO - entered the save object function of utils class
[2025-04-06 01:15:50,665] 51 root - INFO - Exited the save object function in main utils class
[2025-04-06 01:17:48,914] 95 root - INFO - Model selected is Random Forest
[2025-04-06 01:18:40,847] 47 root - INFO - entered the save object function of utils class
[2025-04-06 01:18:40,877] 51 root - INFO - Exited the save object function in main utils class
[2025-04-06 01:18:40,878] 47 root - INFO - entered the save object function of utils class
[2025-04-06 01:18:40,904] 51 root - INFO - Exited the save object function in main utils class
[2025-04-06 01:18:40,904] 126 root - INFO - Model trainer artifact: ModelTrainerArtifacts(trained_model_file_path='Artifacts\\04_06_2025_01_15_37\\model_trainer\\trained_model\\model.pkl', train_metric_artifact=ClassificationMetricArtifacts(f1_score=0.9911414316261073, precision_score=0.9886248222628479, recall_score=0.9936708860759493), test_metric_artifact=ClassificationMetricArtifacts(f1_score=0.976984126984127, precision_score=0.9762093576526566, recall_score=0.977760127084988))
