[2025-04-06 01:10:50,897] 1025 httpx - INFO - HTTP Request: GET https://dagshub.com/api/v1/user "HTTP/1.1 200 OK"
[2025-04-06 01:10:50,901] 107 dagshub - INFO - Accessing as AryanAjmera18
[2025-04-06 01:10:51,068] 1025 httpx - INFO - HTTP Request: GET https://dagshub.com/api/v1/repos/AryanAjmera18/NetworkSecurity_ML "HTTP/1.1 200 OK"
[2025-04-06 01:10:51,189] 1025 httpx - INFO - HTTP Request: GET https://dagshub.com/api/v1/user "HTTP/1.1 200 OK"
[2025-04-06 01:10:51,191] 107 dagshub - INFO - Initialized MLflow to track repo "AryanAjmera18/NetworkSecurity_ML"
[2025-04-06 01:10:51,192] 107 dagshub - INFO - Repository AryanAjmera18/NetworkSecurity_ML initialized!
[2025-04-06 01:11:41,399] 39 root - INFO - Start data Ingestion
[2025-04-06 01:11:42,660] 60 root - INFO - Train set ,test set created 
[2025-04-06 01:11:42,660] 61 root - INFO - Exited train test method of Data Ingestion_class 
[2025-04-06 01:11:42,661] 66 root - INFO - Exporting train and test file
[2025-04-06 01:11:42,692] 74 root - INFO - Exported train and test file path.
[2025-04-06 01:11:42,693] 42 root - INFO - Data Ingestion completed and artifact: DataIngestionArtifacts(trained_file_path='Artifacts\\04_06_2025_01_10_48\\data_ingestion\\ingested\\train.csv', test_file_path='Artifacts\\04_06_2025_01_10_48\\data_ingestion\\ingested\\test.csv')
[2025-04-06 01:11:42,706] 52 root - INFO - Initiate the data Validation
[2025-04-06 01:11:42,740] 31 root - INFO - Required number of columns :2
[2025-04-06 01:11:42,740] 32 root - INFO - DataFrame has columns :31
[2025-04-06 01:11:42,740] 31 root - INFO - Required number of columns :2
[2025-04-06 01:11:42,740] 32 root - INFO - DataFrame has columns :31
[2025-04-06 01:11:42,826] 54 root - INFO - Enterd initiate_data_transformation method
[2025-04-06 01:11:42,826] 56 root - INFO - Starting data transformation
[2025-04-06 01:11:42,839] 36 root - INFO - Enter data tranformation object (KNN imputer)
[2025-04-06 01:11:42,839] 40 root - INFO - initalised KNN imputer with {'missing_values': nan, 'n_neighbors': 3, 'weights': 'uniform'}
[2025-04-06 01:11:42,846] 47 root - INFO - entered the save object function of utils class
[2025-04-06 01:11:42,848] 51 root - INFO - Exited the save object function in main utils class
[2025-04-06 01:11:42,848] 47 root - INFO - entered the save object function of utils class
[2025-04-06 01:11:42,849] 51 root - INFO - Exited the save object function in main utils class
[2025-04-06 01:13:36,500] 95 root - INFO - Model selected is Random Forest
[2025-04-06 01:13:53,999] 47 root - INFO - entered the save object function of utils class
[2025-04-06 01:13:54,004] 51 root - INFO - Exited the save object function in main utils class
[2025-04-06 01:13:54,004] 47 root - INFO - entered the save object function of utils class
[2025-04-06 01:13:54,007] 51 root - INFO - Exited the save object function in main utils class
[2025-04-06 01:13:54,008] 126 root - INFO - Model trainer artifact: ModelTrainerArtifacts(trained_model_file_path='Artifacts\\04_06_2025_01_10_48\\model_trainer\\trained_model\\model.pkl', train_metric_artifact=ClassificationMetricArtifacts(f1_score=0.9918962722852512, precision_score=0.9898908208653457, recall_score=0.9939098660170523), test_metric_artifact=ClassificationMetricArtifacts(f1_score=0.9703763010408326, precision_score=0.9565903709550119, recall_score=0.9845653939886271))
