[2025-04-05 01:01:52,541] 1025 httpx - INFO - HTTP Request: GET https://dagshub.com/api/v1/user "HTTP/1.1 200 OK"
[2025-04-05 01:01:52,545] 107 dagshub - INFO - Accessing as AryanAjmera18
[2025-04-05 01:01:52,840] 1025 httpx - INFO - HTTP Request: GET https://dagshub.com/api/v1/repos/AryanAjmera18/NetworkSecurity_ML "HTTP/1.1 200 OK"
[2025-04-05 01:01:53,073] 1025 httpx - INFO - HTTP Request: GET https://dagshub.com/api/v1/user "HTTP/1.1 200 OK"
[2025-04-05 01:01:53,074] 107 dagshub - INFO - Initialized MLflow to track repo "AryanAjmera18/NetworkSecurity_ML"
[2025-04-05 01:01:53,075] 107 dagshub - INFO - Repository AryanAjmera18/NetworkSecurity_ML initialized!
[2025-04-05 01:01:55,004] 35 root - INFO - Start data Ingestion
[2025-04-05 01:01:59,939] 60 root - INFO - Train set ,test set created 
[2025-04-05 01:01:59,940] 61 root - INFO - Exited train test method of Data Ingestion_class 
[2025-04-05 01:01:59,940] 66 root - INFO - Exporting train and test file
[2025-04-05 01:01:59,979] 74 root - INFO - Exported train and test file path.
[2025-04-05 01:01:59,979] 38 root - INFO - Data Ingestion completed and artifact: DataIngestionArtifacts(trained_file_path='Artifacts\\04_05_2025_01_01_48\\data_ingestion\\ingested\\train.csv', test_file_path='Artifacts\\04_05_2025_01_01_48\\data_ingestion\\ingested\\test.csv')
[2025-04-05 01:01:59,984] 48 root - INFO - Initiate the data Validation
[2025-04-05 01:02:00,029] 31 root - INFO - Required number of columns :2
[2025-04-05 01:02:00,030] 32 root - INFO - DataFrame has columns :31
[2025-04-05 01:02:00,030] 31 root - INFO - Required number of columns :2
[2025-04-05 01:02:00,030] 32 root - INFO - DataFrame has columns :31
[2025-04-05 01:02:00,148] 54 root - INFO - Enterd initiate_data_transformation method
[2025-04-05 01:02:00,148] 56 root - INFO - Starting data transformation
[2025-04-05 01:02:00,162] 36 root - INFO - Enter data tranformation object (KNN imputer)
[2025-04-05 01:02:00,163] 40 root - INFO - initalised KNN imputer with {'missing_values': nan, 'n_neighbors': 3, 'weights': 'uniform'}
[2025-04-05 01:02:00,170] 47 root - INFO - entered the save object function of utils class
[2025-04-05 01:02:00,172] 51 root - INFO - Exited the save object function in main utils class
[2025-04-05 01:02:00,172] 47 root - INFO - entered the save object function of utils class
[2025-04-05 01:02:00,173] 51 root - INFO - Exited the save object function in main utils class
[2025-04-05 01:04:35,154] 95 root - INFO - Model selected is Random Forest
[2025-04-05 01:05:03,608] 47 root - INFO - entered the save object function of utils class
[2025-04-05 01:05:03,612] 51 root - INFO - Exited the save object function in main utils class
[2025-04-05 01:05:03,612] 47 root - INFO - entered the save object function of utils class
[2025-04-05 01:05:03,615] 51 root - INFO - Exited the save object function in main utils class
[2025-04-05 01:05:03,615] 126 root - INFO - Model trainer artifact: ModelTrainerArtifacts(trained_model_file_path='Artifacts\\04_05_2025_01_01_48\\model_trainer\\trained_model\\model.pkl', train_metric_artifact=ClassificationMetricArtifacts(f1_score=0.9913924050632912, precision_score=0.9890887047888463, recall_score=0.9937068615509541), test_metric_artifact=ClassificationMetricArtifacts(f1_score=0.97165991902834, precision_score=0.9685230024213075, recall_score=0.974817221770918))
